timestamp: 2024-05-31T09:21:22.988782
CREATE TABLE "auth_user"(
    "id" INTEGER PRIMARY KEY AUTOINCREMENT,
    "username" CHAR(512) UNIQUE,
    "email" CHAR(512) UNIQUE,
    "password" CHAR(512),
    "first_name" CHAR(512),
    "last_name" CHAR(512),
    "sso_id" CHAR(512),
    "action_token" CHAR(512),
    "last_password_change" TIMESTAMP,
    "past_passwords_hash" TEXT
);
success!
timestamp: 2024-05-31T09:21:22.993887
CREATE TABLE "auth_user_tag_groups"(
    "id" INTEGER PRIMARY KEY AUTOINCREMENT,
    "tagpath" CHAR(512),
    "record_id" INTEGER REFERENCES "auth_user" ("id") ON DELETE CASCADE ON UPDATE CASCADE  
);
success!
timestamp: 2024-06-01T14:11:49.518441
CREATE TABLE "users"(
    "id" INTEGER PRIMARY KEY AUTOINCREMENT,
    "username" CHAR(512) UNIQUE,
    "email" CHAR(512) UNIQUE,
    "password" CHAR(512),
    "manager_id" INTEGER REFERENCES "users" ("id") ON DELETE CASCADE ON UPDATE CASCADE  
);
success!
timestamp: 2024-06-01T14:12:26.769688
CREATE TABLE "tasks"(
    "id" INTEGER PRIMARY KEY AUTOINCREMENT,
    "title" CHAR(512),
    "description" TEXT,
    "status" CHAR(512),
    "created_on" TIMESTAMP,
    "deadline" TIMESTAMP,
    "created_by" INTEGER REFERENCES "users" ("id") ON DELETE CASCADE ON UPDATE CASCADE  ,
    "assigned_to" INTEGER REFERENCES "users" ("id") ON DELETE CASCADE ON UPDATE CASCADE  
);
success!
timestamp: 2024-06-01T14:12:26.771433
CREATE TABLE "comments"(
    "id" INTEGER PRIMARY KEY AUTOINCREMENT,
    "task_id" INTEGER REFERENCES "tasks" ("id") ON DELETE CASCADE ON UPDATE CASCADE  ,
    "user_id" INTEGER REFERENCES "users" ("id") ON DELETE CASCADE ON UPDATE CASCADE  ,
    "content" TEXT,
    "created_on" TIMESTAMP
);
success!
success!
success!
timestamp: 2024-06-01T18:44:22.226353
CREATE TABLE "user_manager"(
    "id" INTEGER PRIMARY KEY AUTOINCREMENT,
    "user_id" INTEGER REFERENCES "auth_user" ("id") ON DELETE CASCADE ON UPDATE CASCADE   UNIQUE,
    "manager_id" INTEGER REFERENCES "auth_user" ("id") ON DELETE CASCADE ON UPDATE CASCADE  
);
success!
timestamp: 2024-06-02T13:40:07.731601
ALTER TABLE "tasks" ADD "priority" CHAR(512);
timestamp: 2024-06-02T13:40:07.732486
ALTER TABLE "tasks" ADD "notes" TEXT;
timestamp: 2024-06-02T13:40:07.733019
ALTER TABLE "tasks" ADD "timeline" CHAR(512);
success!
timestamp: 2024-06-02T13:44:05.333683
ALTER TABLE "tasks" ADD "owner_id" INTEGER REFERENCES "auth_user" ("id") ON DELETE CASCADE ON UPDATE CASCADE  ;
success!
success!
success!
success!
success!
success!
success!
success!
success!
success!
success!
success!
success!
success!
success!
success!
success!
success!
success!
success!
success!
success!
success!
success!
success!
success!
success!
success!
success!
success!
success!
success!
success!
success!
success!
success!
success!
success!
success!
success!
success!
success!
success!
success!
success!
success!
success!
success!
success!
success!
success!
success!
success!
success!
success!
success!
success!
success!
success!
success!
success!
success!
success!
success!
success!
success!
success!
success!
success!
success!
success!
success!
success!
success!
success!
success!
success!
success!
success!
success!
success!
success!
success!
success!
success!
success!
success!
success!
success!
success!
success!
success!
success!
success!
success!
success!
success!
success!
success!
success!
timestamp: 2024-06-03T17:32:51.868552
ALTER TABLE "tasks" ADD "comment_text" TEXT;
success!
success!
success!
success!
success!
success!
success!
success!
success!
success!
success!
success!
success!
success!
success!
success!
success!
success!
success!
success!
success!
success!
success!
success!
success!
success!
success!
success!
success!
success!
success!
success!
success!
success!
success!
success!
success!
success!
success!
success!
success!
success!
success!
success!
success!
success!
success!
success!
success!
success!
success!
success!
success!
success!
success!
success!
success!
success!
success!
success!
success!
success!
success!
success!
success!
success!
success!
success!
success!
success!
success!
success!
success!
success!
success!
success!
success!
success!
success!
success!
success!
success!
success!
success!
success!
