timestamp: 2024-06-07T12:38:02.994717
CREATE TABLE "auth_user"(
    "id" INTEGER PRIMARY KEY AUTOINCREMENT,
    "username" CHAR(512) UNIQUE,
    "email" CHAR(512) UNIQUE,
    "password" CHAR(512),
    "first_name" CHAR(512),
    "last_name" CHAR(512),
    "sso_id" CHAR(512),
    "action_token" CHAR(512),
    "last_password_change" TIMESTAMP,
    "past_passwords_hash" TEXT
);
success!
timestamp: 2024-06-07T12:38:02.998302
CREATE TABLE "auth_user_tag_groups"(
    "id" INTEGER PRIMARY KEY AUTOINCREMENT,
    "tagpath" CHAR(512),
    "record_id" INTEGER REFERENCES "auth_user" ("id") ON DELETE CASCADE ON UPDATE CASCADE  
);
success!
timestamp: 2024-06-07T12:38:03.006341
CREATE TABLE "task_item"(
    "id" INTEGER PRIMARY KEY AUTOINCREMENT,
    "title" CHAR(512),
    "description" CHAR(512),
    "status" CHAR(512),
    "deadline" TIMESTAMP,
    "assigned_to" CHAR(512),
    "created_on" TIMESTAMP,
    "created_by" INTEGER REFERENCES "auth_user" ("id") ON DELETE CASCADE ON UPDATE CASCADE  ,
    "modified_on" TIMESTAMP,
    "modified_by" INTEGER REFERENCES "auth_user" ("id") ON DELETE CASCADE ON UPDATE CASCADE  ,
    "is_active" CHAR(1)
);
success!
timestamp: 2024-06-07T12:38:03.009404
CREATE TABLE "managers"(
    "id" INTEGER PRIMARY KEY AUTOINCREMENT,
    "user" INTEGER REFERENCES "auth_user" ("id") ON DELETE CASCADE ON UPDATE CASCADE  ,
    "manager" INTEGER REFERENCES "auth_user" ("id") ON DELETE CASCADE ON UPDATE CASCADE  
);
success!
timestamp: 2024-06-07T12:38:03.012779
CREATE TABLE "task_comments"(
    "id" INTEGER PRIMARY KEY AUTOINCREMENT,
    "task_item_id" INTEGER REFERENCES "task_item" ("id") ON DELETE CASCADE ON UPDATE CASCADE  ,
    "content" CHAR(512),
    "author" INTEGER REFERENCES "auth_user" ("id") ON DELETE CASCADE ON UPDATE CASCADE  
);
success!
